{"/home/cvc/Área de Trabalho/JavaScript/JSEXPERT/LifeCycleJS/module_05/src/person.js":{"path":"/home/cvc/Área de Trabalho/JavaScript/JSEXPERT/LifeCycleJS/module_05/src/person.js","statementMap":{"0":{"start":{"line":1,"column":13},"end":{"line":1,"column":49}},"1":{"start":{"line":1,"column":40},"end":{"line":1,"column":46}},"2":{"start":{"line":3,"column":8},"end":{"line":3,"column":21}},"3":{"start":{"line":4,"column":8},"end":{"line":4,"column":33}},"4":{"start":{"line":5,"column":8},"end":{"line":5,"column":37}},"5":{"start":{"line":6,"column":8},"end":{"line":6,"column":25}},"6":{"start":{"line":7,"column":8},"end":{"line":7,"column":21}},"7":{"start":{"line":11,"column":25},"end":{"line":15,"column":9}},"8":{"start":{"line":12,"column":39},"end":{"line":12,"column":66}},"9":{"start":{"line":14,"column":12},"end":{"line":14,"column":52}},"10":{"start":{"line":17,"column":8},"end":{"line":31,"column":9}},"11":{"start":{"line":35,"column":28},"end":{"line":35,"column":31}},"12":{"start":{"line":36,"column":53},"end":{"line":36,"column":76}},"13":{"start":{"line":38,"column":23},"end":{"line":44,"column":10}},"14":{"start":{"line":46,"column":8},"end":{"line":46,"column":22}}},"fnMap":{"0":{"name":"(anonymous_0)","decl":{"start":{"line":1,"column":36},"end":{"line":1,"column":37}},"loc":{"start":{"line":1,"column":40},"end":{"line":1,"column":46}},"line":1},"1":{"name":"(anonymous_1)","decl":{"start":{"line":2,"column":4},"end":{"line":2,"column":5}},"loc":{"start":{"line":2,"column":56},"end":{"line":8,"column":5}},"line":2},"2":{"name":"(anonymous_2)","decl":{"start":{"line":10,"column":4},"end":{"line":10,"column":5}},"loc":{"start":{"line":10,"column":24},"end":{"line":32,"column":5}},"line":10},"3":{"name":"(anonymous_3)","decl":{"start":{"line":11,"column":25},"end":{"line":11,"column":26}},"loc":{"start":{"line":11,"column":35},"end":{"line":15,"column":9}},"line":11},"4":{"name":"(anonymous_4)","decl":{"start":{"line":34,"column":3},"end":{"line":34,"column":4}},"loc":{"start":{"line":34,"column":43},"end":{"line":47,"column":5}},"line":34}},"branchMap":{},"s":{"0":1,"1":2,"2":2,"3":2,"4":2,"5":2,"6":2,"7":1,"8":2,"9":2,"10":1,"11":1,"12":1,"13":1,"14":1},"f":{"0":2,"1":2,"2":1,"3":2,"4":1},"b":{},"_coverageSchema":"1a1c01bbd47fc00a2c39e90264f33305004495a9","hash":"be34aa2a7ea9f4182bdaaa65f2488af30ea97697","contentHash":"82955ecf34de857408ab88fb1c7c38f3cd35706bd642c96d8c2d716b6d232445"}}